#
# A fatal error has been detected by the Java Runtime Environment:
#
#  EXCEPTION_ACCESS_VIOLATION (0xc0000005) at pc=0x000000006cac9575, pid=2840, tid=0x0000000000001938
#
# JRE version: Java(TM) SE Runtime Environment (8.0_92-b14) (build 1.8.0_92-b14)
# Java VM: Java HotSpot(TM) 64-Bit Server VM (25.92-b14 mixed mode windows-amd64 compressed oops)
# Problematic frame:
# V  [jvm.dll+0x129575]
#
# Failed to write core dump. Minidumps are not enabled by default on client versions of Windows
#
# If you would like to submit a bug report, please visit:
#   http://bugreport.java.com/bugreport/crash.jsp
#

---------------  T H R E A D  ---------------

Current thread (0x0000000058cdb000):  JavaThread "JDWP Transport Listener: dt_socket" daemon [_thread_in_vm, id=6456, stack(0x0000000059250000,0x0000000059350000)]

siginfo: ExceptionCode=0xc0000005, reading address 0xffffffffffffffff

Registers:
RAX=0x000000005934f301, RBX=0x0000000058cdb000, RCX=0x73654e7465670d00, RDX=0x0000000000000000
RSP=0x000000005934f300, RBP=0x73654e7465670d00, RSI=0x000000005934f418, RDI=0x000000000241d8c0
R8 =0x0000000058cdb000, R9 =0x000000000000ff00, R10=0x0000000000000000, R11=0x63616ca8000d0001
R12=0x0000000000000000, R13=0x0000000058cdbec8, R14=0x0000000000000000, R15=0x0000000000000000
RIP=0x000000006cac9575, EFLAGS=0x0000000000010206

Top of Stack: (sp=0x000000005934f300)
0x000000005934f300:   0000000058cdb000 0000000058cdb000
0x000000005934f310:   000000005934f3c8 000000006cccfbab
0x000000005934f320:   0000000058cdb000 000000006ccec40d
0x000000005934f330:   0000000000000000 00000000709a9155
0x000000005934f340:   000000005a2dbfd0 00000000709b291e
0x000000005934f350:   0000000058cdb000 0000000000000000
0x000000005934f360:   0000000000000000 0000000000000000
0x000000005934f370:   73654e7465670d00 00000000709b1a15
0x000000005934f380:   000000005934f418 000000005934f3f0
0x000000005934f390:   0000000000000001 000000005a2dbfd0
0x000000005934f3a0:   73654e7465670d00 00000000709953b3
0x000000005934f3b0:   000000005934f4e0 0000000000000001
0x000000005934f3c0:   0000000000000001 000000005a2dbfd0
0x000000005934f3d0:   0000000000000008 0000000000000000
0x000000005934f3e0:   0000000000000000 0000000000000000
0x000000005934f3f0:   0000000000000001 0000000070995571 

Instructions: (pc=0x000000006cac9575)
0x000000006cac9555:   cc cc cc cc cc cc cc cc cc cc cc 48 83 ec 28 48
0x000000006cac9565:   85 c9 75 07 33 c0 48 83 c4 28 c3 48 89 5c 24 20
0x000000006cac9575:   48 8b 19 48 85 db 74 20 48 83 fb 37 74 1a 48 8b
0x000000006cac9585:   13 48 8b cb ff 52 10 84 c0 74 0d 48 8b c3 48 8b 


Register to memory mapping:

RAX=0x000000005934f301 is pointing into the stack for thread: 0x0000000058cdb000
RBX=0x0000000058cdb000 is a thread
RCX=0x73654e7465670d00 is an unknown value
RDX=0x0000000000000000 is an unknown value
RSP=0x000000005934f300 is pointing into the stack for thread: 0x0000000058cdb000
RBP=0x73654e7465670d00 is an unknown value
RSI=0x000000005934f418 is pointing into the stack for thread: 0x0000000058cdb000
RDI=0x000000000241d8c0 is an unknown value
R8 =0x0000000058cdb000 is a thread
R9 =0x000000000000ff00 is an unknown value
R10=0x0000000000000000 is an unknown value
R11=0x63616ca8000d0001 is an unknown value
R12=0x0000000000000000 is an unknown value
R13=0x0000000058cdbec8 is an unknown value
R14=0x0000000000000000 is an unknown value
R15=0x0000000000000000 is an unknown value


Stack: [0x0000000059250000,0x0000000059350000],  sp=0x000000005934f300,  free space=1020k
Native frames: (J=compiled Java code, j=interpreted, Vv=VM code, C=native code)
V  [jvm.dll+0x129575]
V  [jvm.dll+0x34c40d]
C  [jdwp.dll+0x21a15]
C  [jdwp.dll+0x53b3]
C  [jdwp.dll+0x5571]
C  [jdwp.dll+0xf0a8]
C  [jdwp.dll+0x1f2d5]
C  [jdwp.dll+0x1f4aa]
V  [jvm.dll+0x1bc3e8]
V  [jvm.dll+0x244314]
V  [jvm.dll+0x29b34a]
C  [msvcr100.dll+0x21d9f]
C  [msvcr100.dll+0x21e3b]
C  [kernel32.dll+0x1556d]
C  [ntdll.dll+0x5385d]


---------------  P R O C E S S  ---------------

Java Threads: ( => current thread )
  0x000000005c179000 JavaThread "DestroyJavaVM" [_thread_blocked, id=10360, stack(0x0000000002680000,0x0000000002780000)]
  0x000000005c178000 JavaThread "http-nio-8080-Acceptor" daemon [_thread_in_native, id=8412, stack(0x000000005f620000,0x000000005f720000)]
  0x000000005c177800 JavaThread "http-nio-8080-ClientPoller" daemon [_thread_in_native, id=1128, stack(0x000000005f4e0000,0x000000005f5e0000)]
  0x000000005c176800 JavaThread "http-nio-8080-exec-10" daemon [_thread_blocked, id=4792, stack(0x000000005f040000,0x000000005f140000)]
  0x000000005c176000 JavaThread "http-nio-8080-exec-9" daemon [_thread_blocked, id=11076, stack(0x000000005f290000,0x000000005f390000)]
  0x000000005c175000 JavaThread "http-nio-8080-exec-8" daemon [_thread_blocked, id=3480, stack(0x000000005f180000,0x000000005f280000)]
  0x000000005c174800 JavaThread "http-nio-8080-exec-7" daemon [_thread_blocked, id=4768, stack(0x000000005ef10000,0x000000005f010000)]
  0x000000005bf8d000 JavaThread "http-nio-8080-exec-6" daemon [_thread_blocked, id=10784, stack(0x000000005e100000,0x000000005e200000)]
  0x000000005bf8c000 JavaThread "http-nio-8080-exec-5" daemon [_thread_blocked, id=10652, stack(0x000000005edd0000,0x000000005eed0000)]
  0x000000005bf8b800 JavaThread "http-nio-8080-exec-4" daemon [_thread_blocked, id=9748, stack(0x000000005eb80000,0x000000005ec80000)]
  0x000000005bf8a800 JavaThread "http-nio-8080-exec-3" daemon [_thread_blocked, id=9064, stack(0x000000005e9e0000,0x000000005eae0000)]
  0x000000005bf8a000 JavaThread "http-nio-8080-exec-2" daemon [_thread_blocked, id=10268, stack(0x000000005e8e0000,0x000000005e9e0000)]
  0x000000005bf89000 JavaThread "http-nio-8080-exec-1" daemon [_thread_blocked, id=5844, stack(0x000000005e7c0000,0x000000005e8c0000)]
  0x000000005bf88800 JavaThread "http-nio-8080-BlockPoller" daemon [_thread_in_native, id=2480, stack(0x000000005e690000,0x000000005e790000)]
  0x000000005be76000 JavaThread "HikariPool-1 housekeeper" daemon [_thread_blocked, id=6688, stack(0x000000005d8f0000,0x000000005d9f0000)]
  0x000000005bcaf000 JavaThread "mysql-cj-abandoned-connection-cleanup" daemon [_thread_blocked, id=11228, stack(0x0000000059fb0000,0x000000005a0b0000)]
  0x000000005bc76000 JavaThread "container-0" [_thread_blocked, id=2936, stack(0x000000005d240000,0x000000005d340000)]
  0x000000005bc71800 JavaThread "Catalina-utility-2" [_thread_blocked, id=1888, stack(0x000000005d0b0000,0x000000005d1b0000)]
  0x000000005bc4a800 JavaThread "Catalina-utility-1" [_thread_blocked, id=8968, stack(0x000000005cf40000,0x000000005d040000)]
  0x000000005b6e9000 JavaThread "RMI Scheduler(0)" daemon [_thread_blocked, id=8212, stack(0x000000005c7f0000,0x000000005c8f0000)]
  0x000000005a28a000 JavaThread "RMI TCP Accept-0" daemon [_thread_in_native, id=10308, stack(0x000000005aa50000,0x000000005ab50000)]
  0x0000000059067000 JavaThread "Service Thread" daemon [_thread_blocked, id=8100, stack(0x0000000059cc0000,0x0000000059dc0000)]
  0x0000000058ff1800 JavaThread "C1 CompilerThread2" daemon [_thread_blocked, id=10980, stack(0x0000000059ae0000,0x0000000059be0000)]
  0x0000000058fef000 JavaThread "C2 CompilerThread1" daemon [_thread_blocked, id=6600, stack(0x0000000059460000,0x0000000059560000)]
  0x0000000058fee000 JavaThread "C2 CompilerThread0" daemon [_thread_blocked, id=2200, stack(0x0000000059940000,0x0000000059a40000)]
  0x0000000058cea800 JavaThread "JDWP Command Reader" daemon [_thread_in_native, id=10592, stack(0x0000000059710000,0x0000000059810000)]
  0x0000000058ce6000 JavaThread "JDWP Event Helper Thread" daemon [_thread_blocked, id=9448, stack(0x00000000595a0000,0x00000000596a0000)]
=>0x0000000058cdb000 JavaThread "JDWP Transport Listener: dt_socket" daemon [_thread_in_vm, id=6456, stack(0x0000000059250000,0x0000000059350000)]
  0x000000005768f000 JavaThread "Attach Listener" daemon [_thread_blocked, id=10952, stack(0x00000000590d0000,0x00000000591d0000)]
  0x0000000057683800 JavaThread "Signal Dispatcher" daemon [_thread_blocked, id=10744, stack(0x00000000586c0000,0x00000000587c0000)]
  0x000000005766f000 JavaThread "Finalizer" daemon [_thread_blocked, id=9956, stack(0x0000000058bb0000,0x0000000058cb0000)]
  0x0000000057628000 JavaThread "Reference Handler" daemon [_thread_blocked, id=7888, stack(0x00000000589c0000,0x0000000058ac0000)]

Other Threads:
  0x0000000057620000 VMThread [stack: 0x0000000058800000,0x0000000058900000] [id=3676]
  0x000000005a2e3000 WatcherThread [stack: 0x000000005abc0000,0x000000005acc0000] [id=7452]

VM state:not at safepoint (normal execution)

VM Mutex/Monitor currently owned by a thread: None

Heap:
 PSYoungGen      total 241152K, used 113420K [0x00000000d5d80000, 0x00000000e5d80000, 0x0000000100000000)
  eden space 224768K, 50% used [0x00000000d5d80000,0x00000000dcc43208,0x00000000e3900000)
  from space 16384K, 0% used [0x00000000e4800000,0x00000000e4800000,0x00000000e5800000)
  to   space 15360K, 0% used [0x00000000e3900000,0x00000000e3900000,0x00000000e4800000)
 ParOldGen       total 83968K, used 14009K [0x0000000081800000, 0x0000000086a00000, 0x00000000d5d80000)
  object space 83968K, 16% used [0x0000000081800000,0x00000000825ae538,0x0000000086a00000)
 Metaspace       used 41006K, capacity 43386K, committed 43520K, reserved 1087488K
  class space    used 5338K, capacity 5806K, committed 5888K, reserved 1048576K

Card table byte_map: [0x0000000011b40000,0x0000000011f40000] byte_map_base: 0x0000000011734000

Marking Bits: (ParMarkBitMap*) 0x000000006d1b64f0
 Begin Bits: [0x0000000012950000, 0x00000000148f0000)
 End Bits:   [0x00000000148f0000, 0x0000000016890000)

Polling page: 0x00000000001c0000

CodeCache: size=245760Kb used=7627Kb max_used=7627Kb free=238132Kb
 bounds [0x0000000002780000, 0x0000000002f00000, 0x0000000011780000]
 total_blobs=4330 nmethods=3824 adapters=425
 compilation: enabled

Compilation events (10 events):
Event: 206.694 Thread 0x0000000058ff1800 3875       1       com.fasterxml.jackson.databind.type.SimpleType::isContainerType (2 bytes)
Event: 206.694 Thread 0x0000000058ff1800 nmethod 3875 0x0000000002ef3f90 code [0x0000000002ef40e0, 0x0000000002ef41f0]
Event: 206.701 Thread 0x0000000058ff1800 3876       1       org.apache.catalina.connector.Response::getCoyoteResponse (5 bytes)
Event: 206.701 Thread 0x0000000058ff1800 nmethod 3876 0x0000000002ef4250 code [0x0000000002ef43a0, 0x0000000002ef44b0]
Event: 206.702 Thread 0x0000000058ff1800 3877       1       java.util.Calendar::complete (40 bytes)
Event: 206.702 Thread 0x0000000058ff1800 nmethod 3877 0x0000000002ef4510 code [0x0000000002ef4680, 0x0000000002ef4818]
Event: 206.702 Thread 0x0000000058ff1800 3878       1       java.nio.StringCharBuffer::get (19 bytes)
Event: 206.702 Thread 0x0000000058ff1800 nmethod 3878 0x0000000002ef48d0 code [0x0000000002ef4a40, 0x0000000002ef4c18]
Event: 206.703 Thread 0x0000000058ff1800 3879       1       org.apache.juli.logging.DirectJDKLog::isDebugEnabled (11 bytes)
Event: 206.704 Thread 0x0000000058ff1800 nmethod 3879 0x0000000002ef4d50 code [0x0000000002ef4ea0, 0x0000000002ef4ff0]

GC Heap History (10 events):
Event: 3.536 GC heap before
{Heap before GC invocations=4 (full 0):
 PSYoungGen      total 71680K, used 18203K [0x00000000d5d80000, 0x00000000de980000, 0x0000000100000000)
  eden space 66560K, 19% used [0x00000000d5d80000,0x00000000d6a4d850,0x00000000d9e80000)
  from space 5120K, 99% used [0x00000000d9e80000,0x00000000da3796f8,0x00000000da380000)
  to   space 5120K, 0% used [0x00000000de480000,0x00000000de480000,0x00000000de980000)
 ParOldGen       total 87552K, used 7251K [0x0000000081800000, 0x0000000086d80000, 0x00000000d5d80000)
  object space 87552K, 8% used [0x0000000081800000,0x0000000081f14c00,0x0000000086d80000)
 Metaspace       used 20211K, capacity 21210K, committed 21296K, reserved 1067008K
  class space    used 2642K, capacity 2887K, committed 2944K, reserved 1048576K
Event: 3.544 GC heap after
Heap after GC invocations=4 (full 0):
 PSYoungGen      total 138240K, used 5117K [0x00000000d5d80000, 0x00000000de980000, 0x0000000100000000)
  eden space 133120K, 0% used [0x00000000d5d80000,0x00000000d5d80000,0x00000000ddf80000)
  from space 5120K, 99% used [0x00000000de480000,0x00000000de97f6d8,0x00000000de980000)
  to   space 5120K, 0% used [0x00000000ddf80000,0x00000000ddf80000,0x00000000de480000)
 ParOldGen       total 87552K, used 7489K [0x0000000081800000, 0x0000000086d80000, 0x00000000d5d80000)
  object space 87552K, 8% used [0x0000000081800000,0x0000000081f50700,0x0000000086d80000)
 Metaspace       used 20211K, capacity 21210K, committed 21296K, reserved 1067008K
  class space    used 2642K, capacity 2887K, committed 2944K, reserved 1048576K
}
Event: 3.544 GC heap before
{Heap before GC invocations=5 (full 1):
 PSYoungGen      total 138240K, used 5117K [0x00000000d5d80000, 0x00000000de980000, 0x0000000100000000)
  eden space 133120K, 0% used [0x00000000d5d80000,0x00000000d5d80000,0x00000000ddf80000)
  from space 5120K, 99% used [0x00000000de480000,0x00000000de97f6d8,0x00000000de980000)
  to   space 5120K, 0% used [0x00000000ddf80000,0x00000000ddf80000,0x00000000de480000)
 ParOldGen       total 87552K, used 7489K [0x0000000081800000, 0x0000000086d80000, 0x00000000d5d80000)
  object space 87552K, 8% used [0x0000000081800000,0x0000000081f50700,0x0000000086d80000)
 Metaspace       used 20211K, capacity 21210K, committed 21296K, reserved 1067008K
  class space    used 2642K, capacity 2887K, committed 2944K, reserved 1048576K
Event: 3.589 GC heap after
Heap after GC invocations=5 (full 1):
 PSYoungGen      total 138240K, used 0K [0x00000000d5d80000, 0x00000000de980000, 0x0000000100000000)
  eden space 133120K, 0% used [0x00000000d5d80000,0x00000000d5d80000,0x00000000ddf80000)
  from space 5120K, 0% used [0x00000000de480000,0x00000000de480000,0x00000000de980000)
  to   space 5120K, 0% used [0x00000000ddf80000,0x00000000ddf80000,0x00000000de480000)
 ParOldGen       total 55808K, used 6396K [0x0000000081800000, 0x0000000084e80000, 0x00000000d5d80000)
  object space 55808K, 11% used [0x0000000081800000,0x0000000081e3f0b0,0x0000000084e80000)
 Metaspace       used 20211K, capacity 21210K, committed 21296K, reserved 1067008K
  class space    used 2642K, capacity 2887K, committed 2944K, reserved 1048576K
}
Event: 5.258 GC heap before
{Heap before GC invocations=6 (full 1):
 PSYoungGen      total 138240K, used 133120K [0x00000000d5d80000, 0x00000000de980000, 0x0000000100000000)
  eden space 133120K, 100% used [0x00000000d5d80000,0x00000000ddf80000,0x00000000ddf80000)
  from space 5120K, 0% used [0x00000000de480000,0x00000000de480000,0x00000000de980000)
  to   space 5120K, 0% used [0x00000000ddf80000,0x00000000ddf80000,0x00000000de480000)
 ParOldGen       total 55808K, used 6396K [0x0000000081800000, 0x0000000084e80000, 0x00000000d5d80000)
  object space 55808K, 11% used [0x0000000081800000,0x0000000081e3f0b0,0x0000000084e80000)
 Metaspace       used 31316K, capacity 33080K, committed 33152K, reserved 1077248K
  class space    used 4076K, capacity 4424K, committed 4480K, reserved 1048576K
Event: 5.274 GC heap after
Heap after GC invocations=6 (full 1):
 PSYoungGen      total 138240K, used 5093K [0x00000000d5d80000, 0x00000000e5800000, 0x0000000100000000)
  eden space 133120K, 0% used [0x00000000d5d80000,0x00000000d5d80000,0x00000000ddf80000)
  from space 5120K, 99% used [0x00000000ddf80000,0x00000000de4794a0,0x00000000de480000)
  to   space 16384K, 0% used [0x00000000e4800000,0x00000000e4800000,0x00000000e5800000)
 ParOldGen       total 55808K, used 16127K [0x0000000081800000, 0x0000000084e80000, 0x00000000d5d80000)
  object space 55808K, 28% used [0x0000000081800000,0x00000000827bfcb0,0x0000000084e80000)
 Metaspace       used 31316K, capacity 33080K, committed 33152K, reserved 1077248K
  class space    used 4076K, capacity 4424K, committed 4480K, reserved 1048576K
}
Event: 5.394 GC heap before
{Heap before GC invocations=7 (full 1):
 PSYoungGen      total 138240K, used 17536K [0x00000000d5d80000, 0x00000000e5800000, 0x0000000100000000)
  eden space 133120K, 9% used [0x00000000d5d80000,0x00000000d69a6e98,0x00000000ddf80000)
  from space 5120K, 99% used [0x00000000ddf80000,0x00000000de4794a0,0x00000000de480000)
  to   space 16384K, 0% used [0x00000000e4800000,0x00000000e4800000,0x00000000e5800000)
 ParOldGen       total 55808K, used 16127K [0x0000000081800000, 0x0000000084e80000, 0x00000000d5d80000)
  object space 55808K, 28% used [0x0000000081800000,0x00000000827bfcb0,0x0000000084e80000)
 Metaspace       used 33618K, capacity 35428K, committed 35456K, reserved 1079296K
  class space    used 4366K, capacity 4734K, committed 4736K, reserved 1048576K
Event: 5.402 GC heap after
Heap after GC invocations=7 (full 1):
 PSYoungGen      total 241152K, used 6129K [0x00000000d5d80000, 0x00000000e5d80000, 0x0000000100000000)
  eden space 224768K, 0% used [0x00000000d5d80000,0x00000000d5d80000,0x00000000e3900000)
  from space 16384K, 37% used [0x00000000e4800000,0x00000000e4dfc780,0x00000000e5800000)
  to   space 15360K, 0% used [0x00000000e3900000,0x00000000e3900000,0x00000000e4800000)
 ParOldGen       total 55808K, used 16199K [0x0000000081800000, 0x0000000084e80000, 0x00000000d5d80000)
  object space 55808K, 29% used [0x0000000081800000,0x00000000827d1cc0,0x0000000084e80000)
 Metaspace       used 33618K, capacity 35428K, committed 35456K, reserved 1079296K
  class space    used 4366K, capacity 4734K, committed 4736K, reserved 1048576K
}
Event: 5.402 GC heap before
{Heap before GC invocations=8 (full 2):
 PSYoungGen      total 241152K, used 6129K [0x00000000d5d80000, 0x00000000e5d80000, 0x0000000100000000)
  eden space 224768K, 0% used [0x00000000d5d80000,0x00000000d5d80000,0x00000000e3900000)
  from space 16384K, 37% used [0x00000000e4800000,0x00000000e4dfc780,0x00000000e5800000)
  to   space 15360K, 0% used [0x00000000e3900000,0x00000000e3900000,0x00000000e4800000)
 ParOldGen       total 55808K, used 16199K [0x0000000081800000, 0x0000000084e80000, 0x00000000d5d80000)
  object space 55808K, 29% used [0x0000000081800000,0x00000000827d1cc0,0x0000000084e80000)
 Metaspace       used 33618K, capacity 35428K, committed 35456K, reserved 1079296K
  class space    used 4366K, capacity 4734K, committed 4736K, reserved 1048576K
Event: 5.457 GC heap after
Heap after GC invocations=8 (full 2):
 PSYoungGen      total 241152K, used 0K [0x00000000d5d80000, 0x00000000e5d80000, 0x0000000100000000)
  eden space 224768K, 0% used [0x00000000d5d80000,0x00000000d5d80000,0x00000000e3900000)
  from space 16384K, 0% used [0x00000000e4800000,0x00000000e4800000,0x00000000e5800000)
  to   space 15360K, 0% used [0x00000000e3900000,0x00000000e3900000,0x00000000e4800000)
 ParOldGen       total 83968K, used 14009K [0x0000000081800000, 0x0000000086a00000, 0x00000000d5d80000)
  object space 83968K, 16% used [0x0000000081800000,0x00000000825ae538,0x0000000086a00000)
 Metaspace       used 33618K, capacity 35428K, committed 35456K, reserved 1079296K
  class space    used 4366K, capacity 4734K, committed 4736K, reserved 1048576K
}

Deoptimization events (0 events):
No events

Internal exceptions (10 events):
Event: 56.855 Thread 0x000000005bf89000 Exception <a 'java/lang/ArrayIndexOutOfBoundsException'> (0x00000000dc033ba8) thrown at [D:\re\workspace\8-2-build-windows-amd64-cygwin\jdk8u92\6642\hotspot\src\share\vm\runtime\sharedRuntime.cpp, line 605]
Event: 56.855 Thread 0x000000005bf89000 Exception <a 'java/lang/ArrayIndexOutOfBoundsException'> (0x00000000dc034a10) thrown at [D:\re\workspace\8-2-build-windows-amd64-cygwin\jdk8u92\6642\hotspot\src\share\vm\runtime\sharedRuntime.cpp, line 605]
Event: 56.855 Thread 0x000000005bf89000 Exception <a 'java/lang/ArrayIndexOutOfBoundsException'> (0x00000000dc036728) thrown at [D:\re\workspace\8-2-build-windows-amd64-cygwin\jdk8u92\6642\hotspot\src\share\vm\runtime\sharedRuntime.cpp, line 605]
Event: 56.856 Thread 0x000000005bf89000 Exception <a 'java/lang/ArrayIndexOutOfBoundsException'> (0x00000000dc03fbc8) thrown at [D:\re\workspace\8-2-build-windows-amd64-cygwin\jdk8u92\6642\hotspot\src\share\vm\runtime\sharedRuntime.cpp, line 605]
Event: 56.898 Thread 0x000000005bf89000 Exception <a 'java/lang/ArrayIndexOutOfBoundsException'> (0x00000000dc26d660) thrown at [D:\re\workspace\8-2-build-windows-amd64-cygwin\jdk8u92\6642\hotspot\src\share\vm\runtime\sharedRuntime.cpp, line 605]
Event: 56.930 Thread 0x000000005bf89000 Exception <a 'java/lang/ArrayIndexOutOfBoundsException'> (0x00000000dc4596f0) thrown at [D:\re\workspace\8-2-build-windows-amd64-cygwin\jdk8u92\6642\hotspot\src\share\vm\runtime\sharedRuntime.cpp, line 605]
Event: 56.940 Thread 0x000000005bf89000 Exception <a 'java/lang/ArrayIndexOutOfBoundsException'> (0x00000000dc4d33d8) thrown at [D:\re\workspace\8-2-build-windows-amd64-cygwin\jdk8u92\6642\hotspot\src\share\vm\runtime\sharedRuntime.cpp, line 605]
Event: 86.493 Thread 0x000000005bf8a000 Exception <a 'java/lang/reflect/InvocationTargetException'> (0x00000000dc820678) thrown at [D:\re\workspace\8-2-build-windows-amd64-cygwin\jdk8u92\6642\hotspot\src\share\vm\runtime\reflection.cpp, line 1092]
Event: 86.494 Thread 0x000000005bf8a000 Exception <a 'java/lang/reflect/InvocationTargetException'> (0x00000000dc822eb0) thrown at [D:\re\workspace\8-2-build-windows-amd64-cygwin\jdk8u92\6642\hotspot\src\share\vm\runtime\reflection.cpp, line 1092]
Event: 206.626 Thread 0x000000005bf8a800 Exception <a 'java/lang/NoSuchMethodError': <clinit>> (0x00000000dc915360) thrown at [D:\re\workspace\8-2-build-windows-amd64-cygwin\jdk8u92\6642\hotspot\src\share\vm\prims\jni.cpp, line 1613]

Events (10 events):
Event: 206.696 Thread 0x000000005bf8a800 DEOPT PACKING pc=0x0000000002b35cec sp=0x000000005eadc0a0
Event: 206.696 Thread 0x000000005bf8a800 DEOPT UNPACKING pc=0x00000000027c787f sp=0x000000005eadbec0 mode 1
Event: 206.697 loading class com/fasterxml/jackson/databind/ser/std/BeanSerializerBase
Event: 206.697 loading class com/fasterxml/jackson/databind/ser/std/BeanSerializerBase done
Event: 206.697 Thread 0x000000005bf8a800 DEOPT PACKING pc=0x0000000002981ab9 sp=0x000000005ead9940
Event: 206.697 Thread 0x000000005bf8a800 DEOPT UNPACKING pc=0x00000000027c787f sp=0x000000005ead9690 mode 1
Event: 206.697 Thread 0x000000005bf8a800 DEOPT PACKING pc=0x0000000002b35da4 sp=0x000000005ead99c0
Event: 206.697 Thread 0x000000005bf8a800 DEOPT UNPACKING pc=0x00000000027c787f sp=0x000000005ead97e0 mode 1
Event: 206.697 Thread 0x000000005bf8a800 DEOPT PACKING pc=0x0000000002b35cec sp=0x000000005ead9b50
Event: 206.697 Thread 0x000000005bf8a800 DEOPT UNPACKING pc=0x00000000027c787f sp=0x000000005ead9970 mode 1


Dynamic libraries:
0x000000013fb60000 - 0x000000013fb97000 	D:\Program Files\Java\jdk1.8.0_92\bin\java.exe
0x0000000076dc0000 - 0x0000000076f5f000 	C:\Windows\SYSTEM32\ntdll.dll
0x0000000076ca0000 - 0x0000000076dbf000 	C:\Windows\system32\kernel32.dll
0x000007fefceb0000 - 0x000007fefcf17000 	C:\Windows\system32\KERNELBASE.dll
0x000007fefcf50000 - 0x000007fefd02b000 	C:\Windows\system32\ADVAPI32.dll
0x000007fefe2f0000 - 0x000007fefe38f000 	C:\Windows\system32\msvcrt.dll
0x000007fefe580000 - 0x000007fefe59f000 	C:\Windows\SYSTEM32\sechost.dll
0x000007fefebf0000 - 0x000007fefed1c000 	C:\Windows\system32\RPCRT4.dll
0x0000000076ba0000 - 0x0000000076c9a000 	C:\Windows\system32\USER32.dll
0x000007fefe440000 - 0x000007fefe4a7000 	C:\Windows\system32\GDI32.dll
0x000007fefcf20000 - 0x000007fefcf2e000 	C:\Windows\system32\LPK.dll
0x000007fefe4b0000 - 0x000007fefe57b000 	C:\Windows\system32\USP10.dll
0x000007fefb250000 - 0x000007fefb444000 	C:\Windows\WinSxS\amd64_microsoft.windows.common-controls_6595b64144ccf1df_6.0.7601.18837_none_fa3b1e3d17594757\COMCTL32.dll
0x000007fefeb70000 - 0x000007fefebe1000 	C:\Windows\system32\SHLWAPI.dll
0x000007fefdfd0000 - 0x000007fefdffe000 	C:\Windows\system32\IMM32.DLL
0x000007fefe000000 - 0x000007fefe109000 	C:\Windows\system32\MSCTF.dll
0x000000006d240000 - 0x000000006d312000 	D:\Program Files\Java\jdk1.8.0_92\jre\bin\msvcr100.dll
0x000000006c9a0000 - 0x000000006d236000 	D:\Program Files\Java\jdk1.8.0_92\jre\bin\server\jvm.dll
0x000007feedac0000 - 0x000007feedac9000 	C:\Windows\system32\WSOCK32.dll
0x000007fefee60000 - 0x000007fefeead000 	C:\Windows\system32\WS2_32.dll
0x000007fefe390000 - 0x000007fefe398000 	C:\Windows\system32\NSI.dll
0x000007fef9220000 - 0x000007fef925b000 	C:\Windows\system32\WINMM.dll
0x000007fefc8a0000 - 0x000007fefc8ac000 	C:\Windows\system32\VERSION.dll
0x0000000076f70000 - 0x0000000076f77000 	C:\Windows\system32\PSAPI.DLL
0x0000000073aa0000 - 0x0000000073aaf000 	D:\Program Files\Java\jdk1.8.0_92\jre\bin\verify.dll
0x0000000073160000 - 0x0000000073189000 	D:\Program Files\Java\jdk1.8.0_92\jre\bin\java.dll
0x0000000070990000 - 0x00000000709c5000 	D:\Program Files\Java\jdk1.8.0_92\jre\bin\jdwp.dll
0x00000000732a0000 - 0x00000000732a8000 	D:\Program Files\Java\jdk1.8.0_92\jre\bin\npt.dll
0x000000006f130000 - 0x000000006f153000 	D:\Program Files\Java\jdk1.8.0_92\jre\bin\instrument.dll
0x0000000073a80000 - 0x0000000073a96000 	D:\Program Files\Java\jdk1.8.0_92\jre\bin\zip.dll
0x000007fefd030000 - 0x000007fefddba000 	C:\Windows\system32\SHELL32.dll
0x000007fefeeb0000 - 0x000007feff0af000 	C:\Windows\system32\ole32.dll
0x000007fefcb70000 - 0x000007fefcb7f000 	C:\Windows\system32\profapi.dll
0x0000000073110000 - 0x0000000073119000 	D:\Program Files\Java\jdk1.8.0_92\jre\bin\dt_socket.dll
0x000007fefc240000 - 0x000007fefc295000 	C:\Windows\system32\mswsock.dll
0x000007fefbcb0000 - 0x000007fefbcb7000 	C:\Windows\System32\wshtcpip.dll
0x0000000073140000 - 0x000000007315a000 	D:\Program Files\Java\jdk1.8.0_92\jre\bin\net.dll
0x000007fefc230000 - 0x000007fefc237000 	C:\Windows\System32\wship6.dll
0x000007fefc0c0000 - 0x000007fefc11b000 	C:\Windows\system32\DNSAPI.dll
0x000007fefa530000 - 0x000007fefa557000 	C:\Windows\system32\IPHLPAPI.DLL
0x000007fefa510000 - 0x000007fefa51b000 	C:\Windows\system32\WINNSI.DLL
0x000007fef9ae0000 - 0x000007fef9ae8000 	C:\Windows\system32\rasadhlp.dll
0x000007fefa390000 - 0x000007fefa3e3000 	C:\Windows\System32\fwpuclnt.dll
0x0000000073b20000 - 0x0000000073b2d000 	D:\Program Files\Java\jdk1.8.0_92\jre\bin\management.dll
0x0000000073120000 - 0x0000000073131000 	D:\Program Files\Java\jdk1.8.0_92\jre\bin\nio.dll
0x000007fefc2a0000 - 0x000007fefc2b8000 	C:\Windows\system32\CRYPTSP.dll
0x000007fefbfa0000 - 0x000007fefbfe7000 	C:\Windows\system32\rsaenh.dll
0x000007fefcc30000 - 0x000007fefcc4e000 	C:\Windows\system32\USERENV.dll
0x000007fefca00000 - 0x000007fefca0f000 	C:\Windows\system32\CRYPTBASE.dll
0x000007fefa430000 - 0x000007fefa441000 	C:\Windows\system32\dhcpcsvc6.DLL
0x000007fefa340000 - 0x000007fefa358000 	C:\Windows\system32\dhcpcsvc.DLL
0x000007fefb050000 - 0x000007fefb065000 	C:\Windows\system32\NLAapi.dll
0x000007fef83c0000 - 0x000007fef83d5000 	C:\Windows\system32\napinsp.dll
0x000007fef7940000 - 0x000007fef7959000 	C:\Windows\system32\pnrpnsp.dll
0x000007fef7930000 - 0x000007fef793b000 	C:\Windows\System32\winrnr.dll
0x000007fef7920000 - 0x000007fef7930000 	C:\Windows\system32\wshbth.dll
0x000000006d790000 - 0x000000006d7b4000 	D:\Program Files\Java\jdk1.8.0_92\jre\bin\sunec.dll
0x0000000073100000 - 0x000000007310b000 	D:\Program Files\Java\jdk1.8.0_92\jre\bin\sunmscapi.dll
0x000007fefccd0000 - 0x000007fefce3d000 	C:\Windows\system32\CRYPT32.dll
0x000007fefcb60000 - 0x000007fefcb6f000 	C:\Windows\system32\MSASN1.dll
0x000007feed800000 - 0x000007feed925000 	C:\Windows\system32\dbghelp.dll

VM Arguments:
jvm_args: -agentlib:jdwp=transport=dt_socket,address=127.0.0.1:61912,suspend=y,server=n -XX:TieredStopAtLevel=1 -Xverify:none -Dspring.output.ansi.enabled=always -Dcom.sun.management.jmxremote -Dspring.jmx.enabled=true -Dspring.liveBeansView.mbeanDomain -Dspring.application.admin.enabled=true -javaagent:C:\Users\Administrator\.IntelliJIdea2019.3\system\captureAgent\debugger-agent.jar -Dfile.encoding=UTF-8 
java_command: com.house.property.PropertyApplication
java_class_path (initial): D:\Program Files\Java\jdk1.8.0_92\jre\lib\charsets.jar;D:\Program Files\Java\jdk1.8.0_92\jre\lib\deploy.jar;D:\Program Files\Java\jdk1.8.0_92\jre\lib\ext\access-bridge-64.jar;D:\Program Files\Java\jdk1.8.0_92\jre\lib\ext\cldrdata.jar;D:\Program Files\Java\jdk1.8.0_92\jre\lib\ext\dnsns.jar;D:\Program Files\Java\jdk1.8.0_92\jre\lib\ext\jaccess.jar;D:\Program Files\Java\jdk1.8.0_92\jre\lib\ext\jfxrt.jar;D:\Program Files\Java\jdk1.8.0_92\jre\lib\ext\localedata.jar;D:\Program Files\Java\jdk1.8.0_92\jre\lib\ext\nashorn.jar;D:\Program Files\Java\jdk1.8.0_92\jre\lib\ext\sunec.jar;D:\Program Files\Java\jdk1.8.0_92\jre\lib\ext\sunjce_provider.jar;D:\Program Files\Java\jdk1.8.0_92\jre\lib\ext\sunmscapi.jar;D:\Program Files\Java\jdk1.8.0_92\jre\lib\ext\sunpkcs11.jar;D:\Program Files\Java\jdk1.8.0_92\jre\lib\ext\zipfs.jar;D:\Program Files\Java\jdk1.8.0_92\jre\lib\javaws.jar;D:\Program Files\Java\jdk1.8.0_92\jre\lib\jce.jar;D:\Program Files\Java\jdk1.8.0_92\jre\lib\jfr.jar;D:\Program Files\Java\jdk1.8.0_92\jre\lib\jfxswt.jar;D:\Program Files\Java\jdk1.8.0_92\jre\lib\jsse.jar;D:\Program Files\Java\jdk1.8.0_92\jre\lib\management-agent.jar;D:\Program Files\Java\jdk1.8.0_92\jre\lib\plugin.jar;D:\Program Files\Java\jdk1.8.0_92\jre\lib\resources.jar;D:\Program Files\Java\jdk1.8.0_92\jre\lib\rt.jar;C:\Users\Administrator\Desktop\GIT\house-property\house-property\com.house.property\target\classes;D:\apache-maven-3.6.0\repositry\org\springframework\boot\spring-boot-starter-web\2.4.1\spring-boot-starter-web-2.4.1.jar;D:\apache-maven-3.6.0\repositry\org\springframework\boot\spring-boot-starter\2.4.1\spring-boot-starter-2.4.1.jar;D:\apache-maven-3.6.0\repositry\org\springframework\boot\spring-boot\2.4.1\spring-boot-2.4.1.jar;D:\apache-maven-3.6.0\repositry\org\springframework\boot\spring-boot-starter-logging\2.4.1\spring-boot-starter-logging-2.4.1.jar;D:\apache-maven-3.6.0\repositry\ch\qos\logback\logback-classic\1.2.3\logback-classic-1.2.3.jar;D:\apache-maven-3.
Launcher Type: SUN_STANDARD

Environment Variables:
JAVA_HOME=D:\Program Files\Java\jdk1.8.0_92
PATH=D:\Program Files\Java\jdk1.8.0_92\bin;D:\Program Files\Java\jdk1.8.0_92\jre\bin;C:\Windows\system32;C:\Windows;C:\Windows\System32\Wbem;C:\Windows\System32\WindowsPowerShell\v1.0\;C:\Program Files\Microsoft SQL Server\Client SDK\ODBC\110\Tools\Binn\;C:\Program Files (x86)\Microsoft SQL Server\120\Tools\Binn\;C:\Program Files\Microsoft SQL Server\120\Tools\Binn\;C:\Program Files\Microsoft SQL Server\120\DTS\Binn\;D:\apache-maven-3.6.0\bin;D:\Python27;D:\stg\mip-shell2.0\mip-shell\bin;C:\Users\Administrator\scg;D:\Git\bin;C:\Program Files\TortoiseGit\bin;D:\Program Files\nodejs\;D:\Program Files\mysql\bin;D:\Program Files (x86)\OpenVPN\bin;D:\Program Files\nodejs\node_global
USERNAME=Administrator
OS=Windows_NT
PROCESSOR_IDENTIFIER=Intel64 Family 6 Model 61 Stepping 4, GenuineIntel



---------------  S Y S T E M  ---------------

OS: Windows 7 , 64 bit Build 7601 (6.1.7601.24524)

CPU:total 4 (2 cores per cpu, 2 threads per core) family 6 model 61 stepping 4, cmov, cx8, fxsr, mmx, sse, sse2, sse3, ssse3, sse4.1, sse4.2, popcnt, avx, avx2, aes, clmul, erms, 3dnowpref, lzcnt, ht, tsc, tscinvbit, bmi1, bmi2, adx

Memory: 4k page, physical 8285612k(2076648k free), swap 16569324k(7466016k free)

vm_info: Java HotSpot(TM) 64-Bit Server VM (25.92-b14) for windows-amd64 JRE (1.8.0_92-b14), built on Mar 31 2016 21:03:04 by "java_re" with MS VC++ 10.0 (VS2010)

time: Wed Dec 16 18:05:53 2020
elapsed time: 215 seconds (0d 0h 3m 35s)

